<?xml version="1.0" encoding="UTF-8"?>
<!-- Generated by org.testng.reporters.JUnitReportReporter -->
<testsuite hostname="DESKTOP-BNIRTNQ" failures="0" tests="1" name="com.saucedemo.TestPack.TC01_VerifyLoginFunctionality" time="10.320" errors="0" timestamp="2022-11-04T19:32:34 IST" skipped="0">
  <testcase classname="com.saucedemo.TestPack.TC01_VerifyLoginFunctionality" name="verifyLogin" time="10.320"/>
  <system-out/>
</testsuite> <!-- com.saucedemo.TestPack.TC01_VerifyLoginFunctionality -->
