<?xml version="1.0" encoding="UTF-8"?>
<!-- Generated by org.testng.reporters.JUnitReportReporter -->
<testsuite hostname="DESKTOP-BNIRTNQ" failures="0" tests="1" name="com.saucedemo.TestPack.TC03_Verify_BagProduct_AddToCart_Functionality" time="9.678" errors="0" timestamp="2022-11-04T19:32:34 IST" skipped="0">
  <testcase classname="com.saucedemo.TestPack.TC03_Verify_BagProduct_AddToCart_Functionality" name="verifyBagProductAddToCart" time="9.678"/>
  <system-out/>
</testsuite> <!-- com.saucedemo.TestPack.TC03_Verify_BagProduct_AddToCart_Functionality -->
